# JRE version: Java(TM) SE Runtime Environment (21.0.8+12) (build 21.0.8+12-LTS-250)
# Java VM: Java HotSpot(TM) 64-Bit Server VM (21.0.8+12-LTS-250, mixed mode, sharing, tiered, compressed oops, compressed class ptrs, g1 gc, windows-amd64)
GC Precious Log:
 CardTable entry size: 512
 Card Set container configuration: InlinePtr #cards 4 size 8 Array Of Cards #cards 16 size 48 Howl #buckets 8 coarsen threshold 3686 Howl Bitmap #cards 512 size 80 coarsen threshold 460 Card regions per heap region 1 cards per card region 4096
 CPUs: 14 total, 14 available
 Memory: 15836M
 Large Page Support: Disabled
 NUMA Support: Disabled
 Compressed Oops: Enabled (Zero based)
 Heap Region Size: 2M
 Heap Min Capacity: 8M
 Heap Initial Capacity: 248M
 Heap Max Capacity: 3960M
 Pre-touch: Disabled
 Parallel Workers: 11
 Concurrent Workers: 3
 Concurrent Refinement Workers: 11
 Periodic GC: Disabled
Heap:
 garbage-first heap   total 71680K, used 27494K [0x0000000708800000, 0x0000000800000000)
  region size 2048K, 2 young (4096K), 2 survivors (4096K)
 Metaspace       used 63486K, committed 64128K, reserved 1114112K
  class space    used 8397K, committed 8704K, reserved 1048576K
GC Heap History (19 events):
Event: 0.508 GC heap before
{Heap before GC invocations=0 (full 0):
 garbage-first heap   total 253952K, used 20480K [0x0000000708800000, 0x0000000800000000)
  region size 2048K, 11 young (22528K), 0 survivors (0K)
 Metaspace       used 4692K, committed 4928K, reserved 1114112K
  class space    used 514K, committed 640K, reserved 1048576K
}
Event: 0.512 GC heap after
{Heap after GC invocations=1 (full 0):
 garbage-first heap   total 253952K, used 7062K [0x0000000708800000, 0x0000000800000000)
  region size 2048K, 2 young (4096K), 2 survivors (4096K)
 Metaspace       used 4692K, committed 4928K, reserved 1114112K
  class space    used 514K, committed 640K, reserved 1048576K
}
Event: 0.852 GC heap before
{Heap before GC invocations=1 (full 0):
 garbage-first heap   total 253952K, used 31638K [0x0000000708800000, 0x0000000800000000)
  region size 2048K, 15 young (30720K), 2 survivors (4096K)
 Metaspace       used 11180K, committed 11392K, reserved 1114112K
  class space    used 1378K, committed 1472K, reserved 1048576K
}
Event: 0.855 GC heap after
{Heap after GC invocations=2 (full 0):
 garbage-first heap   total 253952K, used 9052K [0x0000000708800000, 0x0000000800000000)
  region size 2048K, 2 young (4096K), 2 survivors (4096K)
 Metaspace       used 11180K, committed 11392K, reserved 1114112K
  class space    used 1378K, committed 1472K, reserved 1048576K
}
Event: 1.310 GC heap before
{Heap before GC invocations=2 (full 0):
 garbage-first heap   total 253952K, used 54108K [0x0000000708800000, 0x0000000800000000)
  region size 2048K, 26 young (53248K), 2 survivors (4096K)
 Metaspace       used 21197K, committed 21504K, reserved 1114112K
  class space    used 2612K, committed 2752K, reserved 1048576K
}
Event: 1.314 GC heap after
{Heap after GC invocations=3 (full 0):
 garbage-first heap   total 253952K, used 14171K [0x0000000708800000, 0x0000000800000000)
  region size 2048K, 4 young (8192K), 4 survivors (8192K)
 Metaspace       used 21197K, committed 21504K, reserved 1114112K
  class space    used 2612K, committed 2752K, reserved 1048576K
}
Event: 2.070 GC heap before
{Heap before GC invocations=4 (full 0):
 garbage-first heap   total 61440K, used 59227K [0x0000000708800000, 0x0000000800000000)
  region size 2048K, 26 young (53248K), 4 survivors (8192K)
 Metaspace       used 26473K, committed 26880K, reserved 1114112K
  class space    used 3277K, committed 3456K, reserved 1048576K
}
Event: 2.076 GC heap after
{Heap after GC invocations=5 (full 0):
 garbage-first heap   total 71680K, used 17070K [0x0000000708800000, 0x0000000800000000)
  region size 2048K, 5 young (10240K), 5 survivors (10240K)
 Metaspace       used 26473K, committed 26880K, reserved 1114112K
  class space    used 3277K, committed 3456K, reserved 1048576K
}
Event: 2.663 GC heap before
{Heap before GC invocations=5 (full 0):
 garbage-first heap   total 71680K, used 49838K [0x0000000708800000, 0x0000000800000000)
  region size 2048K, 21 young (43008K), 5 survivors (10240K)
 Metaspace       used 31821K, committed 32320K, reserved 1114112K
  class space    used 3979K, committed 4224K, reserved 1048576K
}
Event: 2.669 GC heap after
{Heap after GC invocations=6 (full 0):
 garbage-first heap   total 71680K, used 20391K [0x0000000708800000, 0x0000000800000000)
  region size 2048K, 2 young (4096K), 2 survivors (4096K)
 Metaspace       used 31821K, committed 32320K, reserved 1114112K
  class space    used 3979K, committed 4224K, reserved 1048576K
}
Event: 3.091 GC heap before
{Heap before GC invocations=6 (full 0):
 garbage-first heap   total 71680K, used 40871K [0x0000000708800000, 0x0000000800000000)
  region size 2048K, 13 young (26624K), 2 survivors (4096K)
 Metaspace       used 35428K, committed 35968K, reserved 1114112K
  class space    used 4444K, committed 4672K, reserved 1048576K
}
Event: 3.094 GC heap after
{Heap after GC invocations=7 (full 0):
 garbage-first heap   total 71680K, used 21039K [0x0000000708800000, 0x0000000800000000)
  region size 2048K, 3 young (6144K), 3 survivors (6144K)
 Metaspace       used 35428K, committed 35968K, reserved 1114112K
  class space    used 4444K, committed 4672K, reserved 1048576K
}
Event: 4.852 GC heap before
{Heap before GC invocations=8 (full 0):
 garbage-first heap   total 71680K, used 53807K [0x0000000708800000, 0x0000000800000000)
  region size 2048K, 20 young (40960K), 3 survivors (6144K)
 Metaspace       used 48547K, committed 49088K, reserved 1114112K
  class space    used 6213K, committed 6464K, reserved 1048576K
}
Event: 4.857 GC heap after
{Heap after GC invocations=9 (full 0):
 garbage-first heap   total 71680K, used 24171K [0x0000000708800000, 0x0000000800000000)
  region size 2048K, 3 young (6144K), 3 survivors (6144K)
 Metaspace       used 48547K, committed 49088K, reserved 1114112K
  class space    used 6213K, committed 6464K, reserved 1048576K
}
Event: 5.428 GC heap before
{Heap before GC invocations=9 (full 0):
 garbage-first heap   total 71680K, used 54891K [0x0000000708800000, 0x0000000800000000)
  region size 2048K, 19 young (38912K), 3 survivors (6144K)
 Metaspace       used 55873K, committed 56448K, reserved 1114112K
  class space    used 7259K, committed 7488K, reserved 1048576K
}
Event: 5.433 GC heap after
{Heap after GC invocations=10 (full 0):
 garbage-first heap   total 71680K, used 25800K [0x0000000708800000, 0x0000000800000000)
  region size 2048K, 3 young (6144K), 3 survivors (6144K)
 Metaspace       used 55873K, committed 56448K, reserved 1114112K
  class space    used 7259K, committed 7488K, reserved 1048576K
}
Event: 5.693 GC heap before
{Heap before GC invocations=10 (full 0):
 garbage-first heap   total 71680K, used 36040K [0x0000000708800000, 0x0000000800000000)
  region size 2048K, 10 young (20480K), 3 survivors (6144K)
 Metaspace       used 59722K, committed 60288K, reserved 1114112K
  class space    used 7821K, committed 8064K, reserved 1048576K
}
Event: 5.696 GC heap after
{Heap after GC invocations=11 (full 0):
 garbage-first heap   total 71680K, used 26186K [0x0000000708800000, 0x0000000800000000)
  region size 2048K, 2 young (4096K), 2 survivors (4096K)
 Metaspace       used 59722K, committed 60288K, reserved 1114112K
  class space    used 7821K, committed 8064K, reserved 1048576K
}
Event: 6.068 GC heap before
{Heap before GC invocations=12 (full 0):
 garbage-first heap   total 71680K, used 58954K [0x0000000708800000, 0x0000000800000000)
  region size 2048K, 18 young (36864K), 2 survivors (4096K)
 Metaspace       used 63486K, committed 64128K, reserved 1114112K
  class space    used 8397K, committed 8704K, reserved 1048576K
}

